<?xml version="1.0" encoding="UTF-8"?>
<!-- Generated by org.testng.reporters.JUnitReportReporter -->
<testsuite hostname="LAPTOP-2C4R6845" failures="0" tests="3" name="TestScript.EnabileBike" time="32.085" errors="0" timestamp="2024-07-13T15:40:45 IST" skipped="0">
  <testcase classname="TestScript.EnabileBike" name="continentalGT650" time="2.508"/>
  <system-out/>
  <testcase classname="TestScript.EnabileBike" name="Kawasaki" time="5.438"/>
  <system-out/>
  <testcase classname="TestScript.EnabileBike" name="harleydavidson" time="24.139"/>
  <system-out/>
</testsuite> <!-- TestScript.EnabileBike -->
