<?xml version="1.0" encoding="UTF-8"?>
<!-- Generated by org.testng.reporters.JUnitReportReporter -->
<testsuite hostname="LAPTOP-2C4R6845" failures="0" tests="1" name="BachExcution.R16" time="7.301" errors="0" timestamp="2024-07-15T15:22:30 IST" skipped="0">
  <testcase classname="BachExcution.R16" name="r15" time="7.301"/>
  <system-out/>
</testsuite> <!-- BachExcution.R16 -->
