<?xml version="1.0" encoding="UTF-8"?>
<!-- Generated by org.testng.reporters.JUnitReportReporter -->
<testsuite hostname="LAPTOP-2C4R6845" failures="0" tests="1" name="TestScript.TestScript001" time="0.023" errors="0" timestamp="2024-07-16T16:01:47 IST" skipped="0">
  <testcase classname="TestScript.TestScript001" name="excuteScript" time="0.023"/>
  <system-out>
    <![CDATA[ExcuteScript1]]>
  </system-out>
</testsuite> <!-- TestScript.TestScript001 -->
