<?xml version="1.0" encoding="UTF-8"?>
<!-- Generated by org.testng.reporters.JUnitReportReporter -->
<testsuite hostname="LAPTOP-2C4R6845" failures="0" tests="1" name="groupPackage.AlluArjun" time="6.286" errors="0" timestamp="2024-07-15T16:19:03 IST" skipped="0">
  <testcase classname="groupPackage.AlluArjun" name="Whatapp" time="6.286"/>
  <system-out/>
</testsuite> <!-- groupPackage.AlluArjun -->
