<?xml version="1.0" encoding="UTF-8"?>
<!-- Generated by org.testng.reporters.JUnitReportReporter -->
<testsuite hostname="LAPTOP-2C4R6845" failures="0" tests="1" name="BachExcution.facebookUrl" time="8.609" errors="0" timestamp="2024-07-15T15:22:30 IST" skipped="0">
  <testcase classname="BachExcution.facebookUrl" name="facebook" time="8.609"/>
  <system-out/>
</testsuite> <!-- BachExcution.facebookUrl -->
