<?xml version="1.0" encoding="UTF-8"?>
<!-- Generated by org.testng.reporters.JUnitReportReporter -->
<testsuite hostname="LAPTOP-2C4R6845" failures="0" tests="3" name="TestScript.Tc002" time="0.015" errors="0" timestamp="2024-07-12T16:01:53 IST" skipped="0">
  <testcase classname="TestScript.Tc002" name="excuteScript3" time="0.011"/>
  <system-out>
    <![CDATA[BO$$3]]>
  </system-out>
  <testcase classname="TestScript.Tc002" name="excuteScript1" time="0.002"/>
  <system-out>
    <![CDATA[BO$$1]]>
  </system-out>
  <testcase classname="TestScript.Tc002" name="excuteScript2" time="0.002"/>
  <system-out>
    <![CDATA[BO$$2]]>
  </system-out>
</testsuite> <!-- TestScript.Tc002 -->
