<?xml version="1.0" encoding="UTF-8"?>
<!-- Generated by org.testng.reporters.JUnitReportReporter -->
<testsuite hostname="LAPTOP-2C4R6845" failures="0" tests="1" name="groupPackage.instagram" time="4.074" errors="0" timestamp="2024-07-15T16:09:57 IST" skipped="0">
  <testcase classname="groupPackage.instagram" name="insta" time="4.074"/>
  <system-out/>
</testsuite> <!-- groupPackage.instagram -->
