<?xml version="1.0" encoding="UTF-8"?>
<!-- Generated by org.testng.reporters.JUnitReportReporter -->
<testsuite hostname="LAPTOP-2C4R6845" failures="0" tests="1" name="groupPackage.AyshaKhan" time="7.558" errors="0" timestamp="2024-07-15T16:17:06 IST" skipped="0">
  <testcase classname="groupPackage.AyshaKhan" name="Whatapp" time="7.558"/>
  <system-out/>
</testsuite> <!-- groupPackage.AyshaKhan -->
