<?xml version="1.0" encoding="UTF-8"?>
<!-- Generated by org.testng.reporters.JUnitReportReporter -->
<testsuite hostname="LAPTOP-2C4R6845" failures="0" tests="2" name="TestScript.Bikes" time="10.984" errors="0" timestamp="2024-07-13T14:59:46 IST" skipped="0">
  <testcase classname="TestScript.Bikes" name="Kawasaki" time="5.500"/>
  <system-out/>
  <testcase classname="TestScript.Bikes" name="Kawasaki" time="5.484"/>
  <system-out/>
</testsuite> <!-- TestScript.Bikes -->
