<?xml version="1.0" encoding="UTF-8"?>
<!-- Generated by org.testng.reporters.JUnitReportReporter -->
<testsuite hostname="LAPTOP-2C4R6845" failures="0" tests="1" name="groupPackage.whatapp" time="4.956" errors="0" timestamp="2024-07-15T16:09:57 IST" skipped="0">
  <testcase classname="groupPackage.whatapp" name="Whatapp" time="4.956"/>
  <system-out/>
</testsuite> <!-- groupPackage.whatapp -->
