<?xml version="1.0" encoding="UTF-8"?>
<!-- Generated by org.testng.reporters.JUnitReportReporter -->
<testsuite hostname="LAPTOP-2C4R6845" failures="0" tests="1" name="LanchTheDifferentBrowser.AllThreeBrowser" time="16.450" errors="0" timestamp="2024-07-16T15:30:44 IST" skipped="0">
  <testcase classname="LanchTheDifferentBrowser.AllThreeBrowser" name="browser" time="16.450"/>
  <system-out/>
</testsuite> <!-- LanchTheDifferentBrowser.AllThreeBrowser -->
